77
11 10 12 10
8 18 8 17
23 6 22 6
21 24 21 25
25 23 25 24
23 22 23 23
22 23 21 23
16 17 15 17
8 12 9 12
24 17 24 18
3 13 3 14
5 18 4 18
8 23 8 24
10 24 9 24
14 19 14 18
20 13 20 14
23 17 23 18
20 10 19 10
3 6 3 7
12 24 11 24
13 2 12 2
15 21 15 22
19 17 19 18
26 17 26 18
3 17 3 18
20 5 20 6
26 18 26 19
26 19 26 20
8 13 7 13
17 24 17 25
13 3 13 4
5 24 6 24
9 5 8 5
24 9 24 8
14 7 14 8
11 7 11 8
13 17 12 17
4 2 3 2
23 14 23 13
4 1 3 1
2 0 1 0
25 14 25 15
13 0 12 0
2 23 1 23
3 23 3 22
26 10 26 9
26 11 26 12
25 10 24 10
22 20 21 20
8 21 8 22
13 8 13 9
7 21 8 21
20 16 20 17
1 25 1 26
10 3 10 4
25 9 25 10
4 9 3 9
24 10 24 9
4 19 4 20
14 11 14 12
13 9 14 9
20 3 19 3
21 21 21 22
13 20 13 21
17 23 16 23
1 3 1 4
8 17 7 17
18 16 17 16
25 19 26 19
13 1 12 1
2 6 2 7
1 26 2 26
12 11 12 12
1 4 1 5
11 11 12 11
6 14 6 15
14 9 14 10
123
0 1 0 9
0 9 3 9
0 13 0 17
0 13 7 13
0 20 0 26
0 26 2 26
1 0 5 0
1 15 1 16
1 15 2 15
1 16 1 17
1 17 1 18
1 17 2 17
1 18 3 18
1 19 1 23
1 19 3 19
1 23 9 23
2 7 3 7
2 15 2 17
2 15 6 15
3 2 5 2
3 4 3 7
3 4 4 4
3 7 3 8
3 7 5 7
3 9 9 9
3 18 4 18
3 19 3 22
3 19 5 19
4 4 4 6
4 10 12 10
4 18 6 18
4 20 6 20
5 0 5 2
5 0 9 0
5 2 5 4
5 19 6 19
5 21 6 21
6 6 8 6
6 15 6 18
6 18 7 18
6 19 6 20
6 19 12 19
6 21 8 21
6 24 8 24
7 1 12 1
7 3 12 3
7 12 7 13
7 13 7 15
7 15 7 17
7 17 12 17
7 22 8 22
8 4 10 4
8 5 8 6
8 6 8 7
8 6 10 6
8 20 8 21
8 21 8 22
8 21 12 21
9 9 12 9
9 12 9 14
9 12 11 12
9 14 12 14
9 23 9 24
9 23 16 23
9 24 11 24
10 4 13 4
10 6 11 6
10 13 16 13
10 26 11 26
11 8 14 8
11 12 12 12
11 24 11 26
11 26 15 26
12 0 12 1
12 0 16 0
12 1 12 2
12 9 15 9
12 10 12 11
12 10 13 10
12 11 12 12
12 11 16 11
12 12 14 12
12 16 12 17
12 16 17 16
12 17 12 19
12 17 15 17
12 19 13 19
12 21 13 21
12 25 14 25
13 4 13 7
13 10 14 10
14 6 14 8
14 6 20 6
14 20 18 20
14 25 17 25
15 7 15 9
15 7 19 7
15 9 23 9
15 15 24 15
16 0 22 0
16 10 19 10
16 23 21 23
17 16 17 18
17 16 22 16
17 21 25 21
17 26 19 26
18 1 19 1
18 12 26 12
18 13 18 14
18 13 23 13
19 18 19 20
19 18 20 18
19 26 20 26
20 17 20 18
20 18 23 18
21 14 22 14
21 22 22 22
21 25 25 25
22 0 22 6
22 6 26 6
22 16 22 17
22 22 22 24
23 3 24 3
